This is pdfTeX, Version 3.14159265-2.6-1.40.16 (TeX Live 2015) (preloaded format=pdflatex 2015.5.24)  20 JUL 2017 13:51
entering extended mode
 restricted \write18 enabled.
 file:line:error style messages enabled.
 %&-line parsing enabled.
**TALENT.tex
(./TALENT.tex
LaTeX2e <2015/01/01>
Babel <3.9l> and hyphenation patterns for 79 languages loaded.
(/usr/local/texlive/2015/texmf-dist/tex/latex/base/article.cls
Document Class: article 2014/09/29 v1.4h Standard LaTeX document class
(/usr/local/texlive/2015/texmf-dist/tex/latex/base/size12.clo
File: size12.clo 2014/09/29 v1.4h Standard LaTeX file (size option)
)
\c@part=\count79
\c@section=\count80
\c@subsection=\count81
\c@subsubsection=\count82
\c@paragraph=\count83
\c@subparagraph=\count84
\c@figure=\count85
\c@table=\count86
\abovecaptionskip=\skip41
\belowcaptionskip=\skip42
\bibindent=\dimen102
)
(/usr/local/texlive/2015/texmf-dist/tex/latex/titling/titling.sty
Package: titling 2009/09/04 v2.1d maketitle typesetting
\thanksmarkwidth=\skip43
\thanksmargin=\skip44
\droptitle=\skip45
)
(/usr/local/texlive/2015/texmf-dist/tex/latex/graphics/graphicx.sty
Package: graphicx 2014/10/28 v1.0g Enhanced LaTeX Graphics (DPC,SPQR)

(/usr/local/texlive/2015/texmf-dist/tex/latex/graphics/keyval.sty
Package: keyval 2014/10/28 v1.15 key=value parser (DPC)
\KV@toks@=\toks14
)
(/usr/local/texlive/2015/texmf-dist/tex/latex/graphics/graphics.sty
Package: graphics 2014/10/28 v1.0p Standard LaTeX Graphics (DPC,SPQR)

(/usr/local/texlive/2015/texmf-dist/tex/latex/graphics/trig.sty
Package: trig 1999/03/16 v1.09 sin cos tan (DPC)
)
(/usr/local/texlive/2015/texmf-dist/tex/latex/latexconfig/graphics.cfg
File: graphics.cfg 2010/04/23 v1.9 graphics configuration of TeX Live
)
Package graphics Info: Driver file: pdftex.def on input line 94.

(/usr/local/texlive/2015/texmf-dist/tex/latex/pdftex-def/pdftex.def
File: pdftex.def 2011/05/27 v0.06d Graphics/color for pdfTeX

(/usr/local/texlive/2015/texmf-dist/tex/generic/oberdiek/infwarerr.sty
Package: infwarerr 2010/04/08 v1.3 Providing info/warning/error messages (HO)
)
(/usr/local/texlive/2015/texmf-dist/tex/generic/oberdiek/ltxcmds.sty
Package: ltxcmds 2011/11/09 v1.22 LaTeX kernel commands for general use (HO)
)
\Gread@gobject=\count87
))
\Gin@req@height=\dimen103
\Gin@req@width=\dimen104
)
(/usr/local/texlive/2015/texmf-dist/tex/latex/geometry/geometry.sty
Package: geometry 2010/09/12 v5.6 Page Geometry

(/usr/local/texlive/2015/texmf-dist/tex/generic/oberdiek/ifpdf.sty
Package: ifpdf 2011/01/30 v2.3 Provides the ifpdf switch (HO)
Package ifpdf Info: pdfTeX in PDF mode is detected.
)
(/usr/local/texlive/2015/texmf-dist/tex/generic/oberdiek/ifvtex.sty
Package: ifvtex 2010/03/01 v1.5 Detect VTeX and its facilities (HO)
Package ifvtex Info: VTeX not detected.
)
(/usr/local/texlive/2015/texmf-dist/tex/generic/ifxetex/ifxetex.sty
Package: ifxetex 2010/09/12 v0.6 Provides ifxetex conditional
)
\Gm@cnth=\count88
\Gm@cntv=\count89
\c@Gm@tempcnt=\count90
\Gm@bindingoffset=\dimen105
\Gm@wd@mp=\dimen106
\Gm@odd@mp=\dimen107
\Gm@even@mp=\dimen108
\Gm@layoutwidth=\dimen109
\Gm@layoutheight=\dimen110
\Gm@layouthoffset=\dimen111
\Gm@layoutvoffset=\dimen112
\Gm@dimlist=\toks15
)
(/usr/local/texlive/2015/texmf-dist/tex/latex/mathtools/mathtools.sty
Package: mathtools 2015/05/11 v1.16 mathematical typesetting tools

(/usr/local/texlive/2015/texmf-dist/tex/latex/tools/calc.sty
Package: calc 2014/10/28 v4.3 Infix arithmetic (KKT,FJ)
\calc@Acount=\count91
\calc@Bcount=\count92
\calc@Adimen=\dimen113
\calc@Bdimen=\dimen114
\calc@Askip=\skip46
\calc@Bskip=\skip47
LaTeX Info: Redefining \setlength on input line 80.
LaTeX Info: Redefining \addtolength on input line 81.
\calc@Ccount=\count93
\calc@Cskip=\skip48
)
(/usr/local/texlive/2015/texmf-dist/tex/latex/mathtools/mhsetup.sty
Package: mhsetup 2010/01/21 v1.2a programming setup (MH)
)
(/usr/local/texlive/2015/texmf-dist/tex/latex/amsmath/amsmath.sty
Package: amsmath 2013/01/14 v2.14 AMS math features
\@mathmargin=\skip49

For additional information on amsmath, use the `?' option.
(/usr/local/texlive/2015/texmf-dist/tex/latex/amsmath/amstext.sty
Package: amstext 2000/06/29 v2.01

(/usr/local/texlive/2015/texmf-dist/tex/latex/amsmath/amsgen.sty
File: amsgen.sty 1999/11/30 v2.0
\@emptytoks=\toks16
\ex@=\dimen115
))
(/usr/local/texlive/2015/texmf-dist/tex/latex/amsmath/amsbsy.sty
Package: amsbsy 1999/11/29 v1.2d
\pmbraise@=\dimen116
)
(/usr/local/texlive/2015/texmf-dist/tex/latex/amsmath/amsopn.sty
Package: amsopn 1999/12/14 v2.01 operator names
)
\inf@bad=\count94
LaTeX Info: Redefining \frac on input line 210.
\uproot@=\count95
\leftroot@=\count96
LaTeX Info: Redefining \overline on input line 306.
\classnum@=\count97
\DOTSCASE@=\count98
LaTeX Info: Redefining \ldots on input line 378.
LaTeX Info: Redefining \dots on input line 381.
LaTeX Info: Redefining \cdots on input line 466.
\Mathstrutbox@=\box26
\strutbox@=\box27
\big@size=\dimen117
LaTeX Font Info:    Redeclaring font encoding OML on input line 566.
LaTeX Font Info:    Redeclaring font encoding OMS on input line 567.
\macc@depth=\count99
\c@MaxMatrixCols=\count100
\dotsspace@=\muskip10
\c@parentequation=\count101
\dspbrk@lvl=\count102
\tag@help=\toks17
\row@=\count103
\column@=\count104
\maxfields@=\count105
\andhelp@=\toks18
\eqnshift@=\dimen118
\alignsep@=\dimen119
\tagshift@=\dimen120
\tagwidth@=\dimen121
\totwidth@=\dimen122
\lineht@=\dimen123
\@envbody=\toks19
\multlinegap=\skip50
\multlinetaggap=\skip51
\mathdisplay@stack=\toks20
LaTeX Info: Redefining \[ on input line 2665.
LaTeX Info: Redefining \] on input line 2666.
)
LaTeX Info: Thecontrolsequence`\('isalreadyrobust on input line 129.
LaTeX Info: Thecontrolsequence`\)'isalreadyrobust on input line 129.
LaTeX Info: Thecontrolsequence`\['isalreadyrobust on input line 129.
LaTeX Info: Thecontrolsequence`\]'isalreadyrobust on input line 129.
\g_MT_multlinerow_int=\count106
\l_MT_multwidth_dim=\dimen124
\origjot=\skip52
\l_MT_shortvdotswithinadjustabove_dim=\dimen125
\l_MT_shortvdotswithinadjustbelow_dim=\dimen126
\l_MT_above_intertext_sep=\dimen127
\l_MT_below_intertext_sep=\dimen128
\l_MT_above_shortintertext_sep=\dimen129
\l_MT_below_shortintertext_sep=\dimen130
)
(/usr/local/texlive/2015/texmf-dist/tex/latex/caption/caption.sty
Package: caption 2013/05/02 v3.3-89 Customizing captions (AR)

(/usr/local/texlive/2015/texmf-dist/tex/latex/caption/caption3.sty
Package: caption3 2013/05/02 v1.6-88 caption3 kernel (AR)
Package caption3 Info: TeX engine: e-TeX on input line 57.
\captionmargin=\dimen131
\captionmargin@=\dimen132
\captionwidth=\dimen133
\caption@tempdima=\dimen134
\caption@indent=\dimen135
\caption@parindent=\dimen136
\caption@hangindent=\dimen137
)
\c@ContinuedFloat=\count107
)
(/usr/local/texlive/2015/texmf-dist/tex/latex/sidecap/sidecap.sty
Package: sidecap 2003/06/06 v1.6f SideCap Package (RN/HjG)

(/usr/local/texlive/2015/texmf-dist/tex/latex/base/ifthen.sty
Package: ifthen 2014/09/29 v1.1c Standard LaTeX ifthen package (DPC)
)
\SC@BOXWD=\dimen138
\SC@CAPWD=\dimen139
\SC@tempdima=\dimen140
\SC@tempdimb=\dimen141
\c@SC@C=\count108
\SC@BOX=\box28
)
(/usr/local/texlive/2015/texmf-dist/tex/latex/was/gensymb.sty
Package: gensymb 2003/07/02 v1.0 (WaS)
)
(/usr/local/texlive/2015/texmf-dist/tex/latex/mhchem/mhchem.sty
Package: mhchem 2015/04/23 v4.01 for typesetting chemical formulae

(/usr/local/texlive/2015/texmf-dist/tex/latex/l3kernel/expl3.sty
Package: expl3 2015/03/01 v5547 L3 programming layer (loader) 

(/usr/local/texlive/2015/texmf-dist/tex/latex/l3kernel/expl3-code.tex
Package: expl3 2015/03/01 v5547 L3 programming layer (code) 
L3 Module: l3bootstrap 2015/02/28 v5542 L3 Bootstrap code
L3 Module: l3names 2015/02/24 v5535 L3 Namespace for primitives
L3 Module: l3basics 2015/01/27 v5500 L3 Basic definitions
L3 Module: l3expan 2014/11/27 v5472 L3 Argument expansion
L3 Module: l3tl 2015/01/27 v5500 L3 Token lists
L3 Module: l3str 2015/03/01 v5545 L3 Strings
L3 Module: l3seq 2014/08/23 v5354 L3 Sequences and stacks
L3 Module: l3int 2015/02/21 v5529 L3 Integers
\c_max_int=\count109
\l_tmpa_int=\count110
\l_tmpb_int=\count111
\g_tmpa_int=\count112
\g_tmpb_int=\count113
L3 Module: l3quark 2014/08/23 v5354 L3 Quarks
L3 Module: l3prg 2014/08/23 v5354 L3 Control structures
\g__prg_map_int=\count114
L3 Module: l3clist 2014/08/23 v5354 L3 Comma separated lists
L3 Module: l3token 2014/09/15 v5422 L3 Experimental token manipulation
L3 Module: l3prop 2014/08/23 v5354 L3 Property lists
L3 Module: l3msg 2015/02/26 v5537 L3 Messages
L3 Module: l3file 2014/08/24 v5369 L3 File and I/O operations
\l_iow_line_count_int=\count115
\l__iow_target_count_int=\count116
\l__iow_current_line_int=\count117
\l__iow_current_word_int=\count118
\l__iow_current_indentation_int=\count119
L3 Module: l3skip 2014/08/23 v5354 L3 Dimensions and skips
\c_zero_dim=\dimen142
\c_max_dim=\dimen143
\l_tmpa_dim=\dimen144
\l_tmpb_dim=\dimen145
\g_tmpa_dim=\dimen146
\g_tmpb_dim=\dimen147
\c_zero_skip=\skip53
\c_max_skip=\skip54
\l_tmpa_skip=\skip55
\l_tmpb_skip=\skip56
\g_tmpa_skip=\skip57
\g_tmpb_skip=\skip58
\c_zero_muskip=\muskip11
\c_max_muskip=\muskip12
\l_tmpa_muskip=\muskip13
\l_tmpb_muskip=\muskip14
\g_tmpa_muskip=\muskip15
\g_tmpb_muskip=\muskip16
L3 Module: l3keys 2015/01/27 v5500 L3 Key-value interfaces
\g__keyval_level_int=\count120
\l_keys_choice_int=\count121
L3 Module: l3fp 2014/08/22 v5336 L3 Floating points
\c__fp_leading_shift_int=\count122
\c__fp_middle_shift_int=\count123
\c__fp_trailing_shift_int=\count124
\c__fp_big_leading_shift_int=\count125
\c__fp_big_middle_shift_int=\count126
\c__fp_big_trailing_shift_int=\count127
\c__fp_Bigg_leading_shift_int=\count128
\c__fp_Bigg_middle_shift_int=\count129
\c__fp_Bigg_trailing_shift_int=\count130
L3 Module: l3box 2014/08/23 v5354 L3 Experimental boxes
\c_empty_box=\box29
\l_tmpa_box=\box30
\l_tmpb_box=\box31
\g_tmpa_box=\box32
\g_tmpb_box=\box33
L3 Module: l3coffins 2014/08/23 v5354 L3 Coffin code layer
\l__coffin_internal_box=\box34
\l__coffin_internal_dim=\dimen148
\l__coffin_offset_x_dim=\dimen149
\l__coffin_offset_y_dim=\dimen150
\l__coffin_x_dim=\dimen151
\l__coffin_y_dim=\dimen152
\l__coffin_x_prime_dim=\dimen153
\l__coffin_y_prime_dim=\dimen154
\c_empty_coffin=\box35
\l__coffin_aligned_coffin=\box36
\l__coffin_aligned_internal_coffin=\box37
\l_tmpa_coffin=\box38
\l_tmpb_coffin=\box39
\l__coffin_display_coffin=\box40
\l__coffin_display_coord_coffin=\box41
\l__coffin_display_pole_coffin=\box42
\l__coffin_display_offset_dim=\dimen155
\l__coffin_display_x_dim=\dimen156
\l__coffin_display_y_dim=\dimen157
L3 Module: l3color 2014/08/23 v5354 L3 Experimental color support
L3 Module: l3candidates 2015/03/01 v5544 L3 Experimental additions to l3kernel
\l__box_top_dim=\dimen158
\l__box_bottom_dim=\dimen159
\l__box_left_dim=\dimen160
\l__box_right_dim=\dimen161
\l__box_top_new_dim=\dimen162
\l__box_bottom_new_dim=\dimen163
\l__box_left_new_dim=\dimen164
\l__box_right_new_dim=\dimen165
\l__box_internal_box=\box43
\l__coffin_bounding_shift_dim=\dimen166
\l__coffin_left_corner_dim=\dimen167
\l__coffin_right_corner_dim=\dimen168
\l__coffin_bottom_corner_dim=\dimen169
\l__coffin_top_corner_dim=\dimen170
\l__coffin_scaled_total_height_dim=\dimen171
\l__coffin_scaled_width_dim=\dimen172
)
(/usr/local/texlive/2015/texmf-dist/tex/latex/l3kernel/l3unicode-data.def
File: l3unicode-data.def 2015/03/01 v5544 L3 Unicode data
)
(/usr/local/texlive/2015/texmf-dist/tex/latex/l3kernel/l3pdfmode.def
File: l3pdfmode.def 2015/03/01 v5544 L3 Experimental driver: PDF mode
\l__driver_color_stack_int=\count131
))
(/usr/local/texlive/2015/texmf-dist/tex/latex/l3packages/l3keys2e/l3keys2e.sty
Package: l3keys2e 2014/11/25 v5471 LaTeX2e option processing using LaTeX3 keys
) (/usr/local/texlive/2015/texmf-dist/tex/latex/l3experimental/l3str/l3regex.st
y
Package: l3regex 2014/11/25 v5471 L3 Experimental regular expressions

(/usr/local/texlive/2015/texmf-dist/tex/latex/l3experimental/l3str/l3tl-build.s
ty
Package: l3tl-build 2014/08/25 v5378 L3 Experimental token list construction
\l__tl_build_start_index_int=\count132
\l__tl_build_index_int=\count133
)
(/usr/local/texlive/2015/texmf-dist/tex/latex/l3experimental/l3str/l3tl-analysi
s.sty
Package: l3tl-analysis 2014/05/06 v4745 L3 Experimental token lists analysis

(/usr/local/texlive/2015/texmf-dist/tex/latex/l3experimental/l3str/l3str.sty
Package: l3str 2014/11/25 v5471 L3 Experimental strings
)
\l__tl_analysis_normal_int=\count134
\l__tl_analysis_index_int=\count135
\l__tl_analysis_nesting_int=\count136
\l__tl_analysis_type_int=\count137
)
(/usr/local/texlive/2015/texmf-dist/tex/latex/l3experimental/l3str/l3flag.sty
Package: l3flag 2014/11/25 v5471 L3 Experimental flags
)
(/usr/local/texlive/2015/texmf-dist/tex/latex/l3experimental/l3str/l3str-conver
t.sty
Package: l3str-convert 2014/06/03 v5028 L3 Experimental string encoding convers
ions
\l__str_internal_int=\count138
\c__str_replacement_char_int=\count139
)
\l__regex_internal_a_int=\count140
\l__regex_internal_b_int=\count141
\l__regex_internal_c_int=\count142
\l__regex_balance_int=\count143
\l__regex_group_level_int=\count144
\l__regex_mode_int=\count145
\l__regex_catcodes_int=\count146
\l__regex_default_catcodes_int=\count147
\c__regex_catcode_D_int=\count148
\c__regex_catcode_S_int=\count149
\c__regex_catcode_L_int=\count150
\c__regex_catcode_O_int=\count151
\c__regex_catcode_A_int=\count152
\c__regex_all_catcodes_int=\count153
\l__regex_show_lines_int=\count154
\l__regex_min_state_int=\count155
\l__regex_max_state_int=\count156
\l__regex_left_state_int=\count157
\l__regex_right_state_int=\count158
\l__regex_capturing_group_int=\count159
\l__regex_min_pos_int=\count160
\l__regex_max_pos_int=\count161
\l__regex_current_pos_int=\count162
\l__regex_start_pos_int=\count163
\l__regex_success_pos_int=\count164
\l__regex_current_char_int=\count165
\l__regex_current_catcode_int=\count166
\l__regex_last_char_int=\count167
\l__regex_case_changed_char_int=\count168
\l__regex_current_state_int=\count169
\l__regex_step_int=\count170
\l__regex_min_active_int=\count171
\l__regex_max_active_int=\count172
\l__regex_replacement_csnames_int=\count173
\l__regex_match_count_int=\count174
\l__regex_submatch_int=\count175
\l__regex_zeroth_submatch_int=\count176
) (/usr/local/texlive/2015/texmf-dist/tex/latex/chemgreek/chemgreek.sty
(/usr/local/texlive/2015/texmf-dist/tex/latex/l3packages/xparse/xparse.sty
Package: xparse 2014/11/25 v5471 L3 Experimental document command parser
\l__xparse_current_arg_int=\count177
\l__xparse_m_args_int=\count178
\l__xparse_mandatory_args_int=\count179
\l__xparse_processor_int=\count180
\l__xparse_v_nesting_int=\count181
)
Package: chemgreek 2015/04/09 v1.0 interface for upright greek letters for use 
in chemistry (CN)
\l__chemgreek_tmpa_int=\count182
\g__chemgreek_tmpa_int=\count183
.................................................
. LaTeX info: "xparse/define-command"
. 
. Defining command \newchemgreekmapping with sig. 'O{}mm' on line 326.
.................................................
.................................................
. LaTeX info: "xparse/define-command"
. 
. Defining command \renewchemgreekmapping with sig. 'O{}mm' on line 329.
.................................................
.................................................
. LaTeX info: "xparse/define-command"
. 
. Defining command \declarechemgreekmapping with sig. 'O{}mm' on line 332.
.................................................
.................................................
. LaTeX info: "xparse/define-command"
. 
. Defining command \newchemgreekmappingalias with sig. 'mm' on line 337.
.................................................
.................................................
. LaTeX info: "xparse/define-command"
. 
. Defining command \renewchemgreekmappingalias with sig. 'mm' on line 340.
.................................................
.................................................
. LaTeX info: "xparse/define-command"
. 
. Defining command \declarechemgreekmappingalias with sig. 'mm' on line 343.
.................................................
.................................................
. LaTeX info: "xparse/define-command"
. 
. Defining command \changechemgreeksymbol with sig. 'mmmm' on line 373.
.................................................
.................................................
. LaTeX info: "xparse/define-command"
. 
. Defining command \chemgreekmappingsymbol with sig. 'mm' on line 467.
.................................................
.................................................
. LaTeX info: "xparse/define-command"
. 
. Defining command \activatechemgreekmapping with sig. 'sm' on line 476.
.................................................
.................................................
. LaTeX info: "xparse/define-command"
. 
. Defining command \selectchemgreekmapping with sig. 'm' on line 481.
.................................................
)
Variant \str_if_eq:VnTF already defined; not changing it on line 57
\l__mhchem_ce_distanceFromLastComma_int=\count184
\mhchem@arrow@params=\toks21
\mhchem@arrowlength@pgf=\skip59
\mhchem@bondwidth=\skip60
\mhchem@bondheight=\skip61
\mhchem@smallbondwidth@tmpA=\skip62
\mhchem@smallbondwidth@tmpB=\skip63
\mhchem@smallbondwidth=\skip64
\mhchem@bondtmp@minussidebearingleft=\skip65
\mhchem@bondtmp@minussidebearingright=\skip66
\mhchem@minispace@tmp=\skip67
\mhchem@minibackspace@tmp=\skip68
\l__mhchem_option_version_int=\count185
\mhchem@option@minusmathsidebearingleft=\dimen173
\mhchem@option@minusmathsidebearingright=\dimen174
\mhchem@option@minustextsidebearingleft=\dimen175
\mhchem@option@minustextsidebearingright=\dimen176

*************************************************
* mhchem warning: "options/no-version"
* 
* You did not specify a 'version' option for the mhchem package. Please write
* \usepackage[version=4]{mhchem} in your preamble (or any lower number for
* compatibility mode), because you might get different output with the same
* input in future versions.
*************************************************
) (/usr/local/texlive/2015/texmf-dist/tex/latex/caption/subcaption.sty
Package: subcaption 2013/02/03 v1.1-62 Sub-captions (AR)
\c@subfigure=\count186
\c@subtable=\count187
)
(/usr/local/texlive/2015/texmf-dist/tex/latex/simplewick/simplewick.sty
Package: simplewick 2007/11/23 v1.2a

Package: simplewick v1.2a (2007/11/23)
\swb@xone=\box44
\swb@xtwo=\box45
\swb@xthree=\box46
\swb@xfour=\box47
\swdimen@ne=\dimen177
\swdimentw@=\dimen178
) (./TALENT.aux)
\openout1 = `TALENT.aux'.

LaTeX Font Info:    Checking defaults for OML/cmm/m/it on input line 19.
LaTeX Font Info:    ... okay on input line 19.
LaTeX Font Info:    Checking defaults for T1/cmr/m/n on input line 19.
LaTeX Font Info:    ... okay on input line 19.
LaTeX Font Info:    Checking defaults for OT1/cmr/m/n on input line 19.
LaTeX Font Info:    ... okay on input line 19.
LaTeX Font Info:    Checking defaults for OMS/cmsy/m/n on input line 19.
LaTeX Font Info:    ... okay on input line 19.
LaTeX Font Info:    Checking defaults for OMX/cmex/m/n on input line 19.
LaTeX Font Info:    ... okay on input line 19.
LaTeX Font Info:    Checking defaults for U/cmr/m/n on input line 19.
LaTeX Font Info:    ... okay on input line 19.

(/usr/local/texlive/2015/texmf-dist/tex/context/base/supp-pdf.mkii
[Loading MPS to PDF converter (version 2006.09.02).]
\scratchcounter=\count188
\scratchdimen=\dimen179
\scratchbox=\box48
\nofMPsegments=\count189
\nofMParguments=\count190
\everyMPshowfont=\toks22
\MPscratchCnt=\count191
\MPscratchDim=\dimen180
\MPnumerator=\count192
\makeMPintoPDFobject=\count193
\everyMPtoPDFconversion=\toks23
) (/usr/local/texlive/2015/texmf-dist/tex/generic/oberdiek/pdftexcmds.sty
Package: pdftexcmds 2011/11/29 v0.20 Utility functions of pdfTeX for LuaTeX (HO
)

(/usr/local/texlive/2015/texmf-dist/tex/generic/oberdiek/ifluatex.sty
Package: ifluatex 2010/03/01 v1.3 Provides the ifluatex switch (HO)
Package ifluatex Info: LuaTeX not detected.
)
Package pdftexcmds Info: LuaTeX not detected.
Package pdftexcmds Info: \pdf@primitive is available.
Package pdftexcmds Info: \pdf@ifprimitive is available.
Package pdftexcmds Info: \pdfdraftmode found.
)
(/usr/local/texlive/2015/texmf-dist/tex/latex/oberdiek/epstopdf-base.sty
Package: epstopdf-base 2010/02/09 v2.5 Base part for package epstopdf

(/usr/local/texlive/2015/texmf-dist/tex/latex/oberdiek/grfext.sty
Package: grfext 2010/08/19 v1.1 Manage graphics extensions (HO)

(/usr/local/texlive/2015/texmf-dist/tex/generic/oberdiek/kvdefinekeys.sty
Package: kvdefinekeys 2011/04/07 v1.3 Define keys (HO)
))
(/usr/local/texlive/2015/texmf-dist/tex/latex/oberdiek/kvoptions.sty
Package: kvoptions 2011/06/30 v3.11 Key value format for package options (HO)

(/usr/local/texlive/2015/texmf-dist/tex/generic/oberdiek/kvsetkeys.sty
Package: kvsetkeys 2012/04/25 v1.16 Key value parser (HO)

(/usr/local/texlive/2015/texmf-dist/tex/generic/oberdiek/etexcmds.sty
Package: etexcmds 2011/02/16 v1.5 Avoid name clashes with e-TeX commands (HO)
Package etexcmds Info: Could not find \expanded.
(etexcmds)             That can mean that you are not using pdfTeX 1.50 or
(etexcmds)             that some package has redefined \expanded.
(etexcmds)             In the latter case, load this package earlier.
)))
Package grfext Info: Graphics extension search list:
(grfext)             [.png,.pdf,.jpg,.mps,.jpeg,.jbig2,.jb2,.PNG,.PDF,.JPG,.JPE
G,.JBIG2,.JB2,.eps]
(grfext)             \AppendGraphicsExtensions on input line 452.

(/usr/local/texlive/2015/texmf-dist/tex/latex/latexconfig/epstopdf-sys.cfg
File: epstopdf-sys.cfg 2010/07/13 v1.3 Configuration of (r)epstopdf for TeX Liv
e
))
*geometry* driver: auto-detecting
*geometry* detected driver: pdftex
*geometry* verbose mode - [ preamble ] result:
* driver: pdftex
* paper: <default>
* layout: <same size as paper>
* layoutoffset:(h,v)=(0.0pt,0.0pt)
* modes: 
* h-part:(L,W,R)=(72.26999pt, 469.75502pt, 72.26999pt)
* v-part:(T,H,B)=(72.26999pt, 650.43001pt, 72.26999pt)
* \paperwidth=614.295pt
* \paperheight=794.96999pt
* \textwidth=469.75502pt
* \textheight=650.43001pt
* \oddsidemargin=0.0pt
* \evensidemargin=0.0pt
* \topmargin=-37.0pt
* \headheight=12.0pt
* \headsep=25.0pt
* \topskip=12.0pt
* \footskip=30.0pt
* \marginparwidth=44.0pt
* \marginparsep=10.0pt
* \columnsep=10.0pt
* \skip\footins=10.8pt plus 4.0pt minus 2.0pt
* \hoffset=0.0pt
* \voffset=0.0pt
* \mag=1000
* \@twocolumnfalse
* \@twosidefalse
* \@mparswitchfalse
* \@reversemarginfalse
* (1in=72.27pt=25.4mm, 1cm=28.453pt)

Package caption Info: Begin \AtBeginDocument code.
Package caption Info: sidecap package is loaded.
Package caption Info: End \AtBeginDocument code.
(/usr/local/texlive/2015/texmf-dist/tex/latex/ms/ragged2e.sty
Package: ragged2e 2009/05/21 v2.1 ragged2e Package (MS)

(/usr/local/texlive/2015/texmf-dist/tex/latex/ms/everysel.sty
Package: everysel 2011/10/28 v1.2 EverySelectfont Package (MS)

ABD: EverySelectfont initializing macros
LaTeX Info: Redefining \selectfont on input line 126.
)
\CenteringLeftskip=\skip69
\RaggedLeftLeftskip=\skip70
\RaggedRightLeftskip=\skip71
\CenteringRightskip=\skip72
\RaggedLeftRightskip=\skip73
\RaggedRightRightskip=\skip74
\CenteringParfillskip=\skip75
\RaggedLeftParfillskip=\skip76
\RaggedRightParfillskip=\skip77
\JustifyingParfillskip=\skip78
\CenteringParindent=\skip79
\RaggedLeftParindent=\skip80
\RaggedRightParindent=\skip81
\JustifyingParindent=\skip82
)
LaTeX Info: Redefining \celsius on input line 19.
Package gensymb Info: Faking symbols for \degree and \celsius on input line 19.



Package gensymb Warning: Not defining \perthousand.

LaTeX Info: Redefining \ohm on input line 19.
Package gensymb Info: Using \Omega for \ohm on input line 19.

Package gensymb Warning: Not defining \micro.

.................................................
. chemgreek info: "mapping-activated"
. 
. Activating mapping `default' on line 19.
.................................................
[1

{/usr/local/texlive/2015/texmf-var/fonts/map/pdftex/updmap/pdftex.map}]
Underfull \hbox (badness 10000) in paragraph at lines 47--67

 []


Underfull \hbox (badness 10000) in paragraph at lines 72--108

 []


Underfull \hbox (badness 10000) in paragraph at lines 72--108

 []


Underfull \hbox (badness 10000) in paragraph at lines 72--108

 []


Underfull \hbox (badness 10000) in paragraph at lines 72--108

 []


Underfull \hbox (badness 10000) in paragraph at lines 72--108

 []

[2] [3] [4]
LaTeX Font Info:    Try loading font information for OMS+cmr on input line 135.

 (/usr/local/texlive/2015/texmf-dist/tex/latex/base/omscmr.fd
File: omscmr.fd 2014/09/29 v2.5h Standard LaTeX font definitions
)
LaTeX Font Info:    Font shape `OMS/cmr/bx/n' in size <17.28> not available
(Font)              Font shape `OMS/cmsy/b/n' tried instead on input line 135.

[5] <f_30u-1n.pdf, id=29, 614.295pt x 794.97pt>
File: f_30u-1n.pdf Graphic file (type pdf)
 <use f_30u-1n.pdf>
Package pdftex.def Info: f_30u-1n.pdf used on input line 156.
(pdftex.def)             Requested size: 469.75502pt x 607.9196pt.
 [6 <./f_30u-1n.pdf>] <f_30u-2n.pdf, id=54, 614.295pt x 794.97pt>
File: f_30u-2n.pdf Graphic file (type pdf)
 <use f_30u-2n.pdf>
Package pdftex.def Info: f_30u-2n.pdf used on input line 162.
(pdftex.def)             Requested size: 469.75502pt x 607.9196pt.

Overfull \hbox (17.62482pt too wide) in paragraph at lines 162--163
[][] 
 []

[7 <./f_30u-2n.pdf>] <f_30u-3n.pdf, id=80, 614.295pt x 794.97pt>
File: f_30u-3n.pdf Graphic file (type pdf)

<use f_30u-3n.pdf>
Package pdftex.def Info: f_30u-3n.pdf used on input line 168.
(pdftex.def)             Requested size: 469.75502pt x 607.9196pt.

Overfull \hbox (17.62482pt too wide) in paragraph at lines 168--169
[][] 
 []

[8 <./f_30u-3n.pdf>] <f_30u-allnfromd32.pdf, id=105, 614.295pt x 794.97pt>
File: f_30u-allnfromd32.pdf Graphic file (type pdf)

<use f_30u-allnfromd32.pdf>
Package pdftex.def Info: f_30u-allnfromd32.pdf used on input line 174.
(pdftex.def)             Requested size: 469.75502pt x 607.9196pt.

Overfull \hbox (17.62482pt too wide) in paragraph at lines 174--175
[][] 
 []

[9 <./f_30u-allnfromd32.pdf>]
Overfull \hbox (14.46982pt too wide) in paragraph at lines 186--197
 [] 
 []

<o23specs.png, id=130, 531.4254pt x 289.5618pt>
File: o23specs.png Graphic file (type png)
 <use o23specs.png>
Package pdftex.def Info: o23specs.png used on input line 204.
(pdftex.def)             Requested size: 469.75502pt x 255.96393pt.
 [10 <./o23specs.png>] <o24specs.png, id=138, 531.4254pt x 289.5618pt>
File: o24specs.png Graphic file (type png)
 <use o24specs.png>
Package pdftex.def Info: o24specs.png used on input line 216.
(pdftex.def)             Requested size: 469.75502pt x 255.96393pt.

[11 <./o24specs.png>] [12] [13] (./TALENT.aux) ) 
Here is how much of TeX's memory you used:
 12409 strings out of 493089
 236091 string characters out of 6134842
 298372 words of memory out of 5000000
 15769 multiletter control sequences out of 15000+600000
 13554 words of font info for 48 fonts, out of 8000000 for 9000
 1141 hyphenation exceptions out of 8191
 42i,18n,55p,10449b,576s stack positions out of 5000i,500n,10000p,200000b,80000s
</usr/local/texlive/2015/texmf-
dist/fonts/type1/public/amsfonts/cm/cmbsy10.pfb></usr/local/texlive/2015/texmf-
dist/fonts/type1/public/amsfonts/cm/cmbx10.pfb></usr/local/texlive/2015/texmf-d
ist/fonts/type1/public/amsfonts/cm/cmbx12.pfb></usr/local/texlive/2015/texmf-di
st/fonts/type1/public/amsfonts/cm/cmbx8.pfb></usr/local/texlive/2015/texmf-dist
/fonts/type1/public/amsfonts/cm/cmbxti10.pfb></usr/local/texlive/2015/texmf-dis
t/fonts/type1/public/amsfonts/cm/cmex10.pfb></usr/local/texlive/2015/texmf-dist
/fonts/type1/public/amsfonts/cm/cmmi12.pfb></usr/local/texlive/2015/texmf-dist/
fonts/type1/public/amsfonts/cm/cmmi6.pfb></usr/local/texlive/2015/texmf-dist/fo
nts/type1/public/amsfonts/cm/cmmi8.pfb></usr/local/texlive/2015/texmf-dist/font
s/type1/public/amsfonts/cm/cmr10.pfb></usr/local/texlive/2015/texmf-dist/fonts/
type1/public/amsfonts/cm/cmr12.pfb></usr/local/texlive/2015/texmf-dist/fonts/ty
pe1/public/amsfonts/cm/cmr8.pfb></usr/local/texlive/2015/texmf-dist/fonts/type1
/public/amsfonts/cm/cmsy10.pfb></usr/local/texlive/2015/texmf-dist/fonts/type1/
public/amsfonts/cm/cmsy8.pfb>
Output written on TALENT.pdf (13 pages, 425917 bytes).
PDF statistics:
 197 PDF objects out of 1000 (max. 8388607)
 146 compressed objects within 2 object streams
 0 named destinations out of 1000 (max. 500000)
 31 words of extra memory for PDF output out of 10000 (max. 10000000)

